{"synthetic": false,
 "schemaVersion": "2025-09-10",
 "outputs":
 {"o": ["179ab4e9fad0466b.olean"],
  "i": "a85dbc5bc33b6189.ilean",
  "c": "54f7f2ab46aa482a.c"},
 "log":
 [{"message":
   ".> LEAN_PATH=/home/matt.linux/lean/lean-informal/.lake/build/lib/lean /home/matt.linux/.elan/toolchains/leanprover--lean4---v4.29.0/bin/lean /home/matt.linux/lean/lean-informal/Informal.lean -o /home/matt.linux/lean/lean-informal/.lake/build/lib/lean/Informal.olean -i /home/matt.linux/lean/lean-informal/.lake/build/lib/lean/Informal.ilean -c /home/matt.linux/lean/lean-informal/.lake/build/ir/Informal.c --setup /home/matt.linux/lean/lean-informal/.lake/build/ir/Informal.setup.json --json",
   "level": "trace"}],
 "inputs":
 [["Informal:deps",
   [["deps",
     [["informal/Informal:extraDep",
       [["@informal:extraDep", "00000000000006bb"]]],
      ["imports",
       [["Informal.Attr transitive imports (legacy)", "00000000000006bb"],
        ["Informal.Attr:importAllArts", "b59bd1af5e9ce7a9"],
        ["Informal.Export transitive imports (legacy)", "99d393a034c5390d"],
        ["Informal.Export:importAllArts", "005b69f688e9c001"]]]]],
    ["libs",
     [["import dynlibs", "00000000000006bb"],
      ["package external libraries", "00000000000006bb"],
      ["module dynlibs", "00000000000006bb"],
      ["module plugins", "00000000000006bb"]]]]],
  ["Lean 4.29.0, commit 98dc76e3c0a9b856c9b98726b713fb04fab16740",
   "60bb08ef22408c8a"],
  ["/home/matt.linux/lean/lean-informal/Informal.lean", "0c31b119c9bacbe1"],
  ["options", "00000000000006bb"],
  ["isModule: false", "feefd2a0d3a1847e"],
  ["Module.name: Informal", "b8ec4a18c6647e23"],
  ["Package.id?: (some informal)", "6ee69c14d48e8db7"],
  ["Module.leanArgs: #[]", "00000000000006bb"]],
 "depHash": "f6125d2ba4446fe2"}